INFO [2025-08-27 16:09:34] $x
INFO [2025-08-27 16:09:34] feature_lists
INFO [2025-08-27 16:09:34] 
INFO [2025-08-27 16:09:34] $category.names
INFO [2025-08-27 16:09:34] names(feature_lists)
INFO [2025-08-27 16:09:34] 
INFO [2025-08-27 16:09:34] $filename
INFO [2025-08-27 16:09:34] NULL
INFO [2025-08-27 16:09:34] 
INFO [2025-08-27 16:09:34] $lwd
INFO [2025-08-27 16:09:34] [1] 2
INFO [2025-08-27 16:09:34] 
INFO [2025-08-27 16:09:34] $lty
INFO [2025-08-27 16:09:34] [1] "blank"
INFO [2025-08-27 16:09:34] 
INFO [2025-08-27 16:09:34] $fill
INFO [2025-08-27 16:09:34] selected_colors[1:3]
INFO [2025-08-27 16:09:34] 
INFO [2025-08-27 16:09:34] $cex
INFO [2025-08-27 16:09:34] [1] 1.5
INFO [2025-08-27 16:09:34] 
INFO [2025-08-27 16:09:34] $fontface
INFO [2025-08-27 16:09:34] [1] "bold"
INFO [2025-08-27 16:09:34] 
INFO [2025-08-27 16:09:34] $fontfamily
INFO [2025-08-27 16:09:34] [1] "sans"
INFO [2025-08-27 16:09:34] 
INFO [2025-08-27 16:09:34] $cat.cex
INFO [2025-08-27 16:09:34] [1] 1.2
INFO [2025-08-27 16:09:34] 
INFO [2025-08-27 16:09:34] $cat.fontface
INFO [2025-08-27 16:09:34] [1] "bold"
INFO [2025-08-27 16:09:34] 
INFO [2025-08-27 16:09:34] $cat.default.pos
INFO [2025-08-27 16:09:34] [1] "outer"
INFO [2025-08-27 16:09:34] 
INFO [2025-08-27 16:09:34] $cat.pos
INFO [2025-08-27 16:09:34] c(-40, 40, 180)
INFO [2025-08-27 16:09:34] 
INFO [2025-08-27 16:09:34] $cat.dist
INFO [2025-08-27 16:09:34] c(0.055, 0.055, 0.055)
INFO [2025-08-27 16:09:34] 
INFO [2025-08-27 16:09:34] $cat.fontfamily
INFO [2025-08-27 16:09:34] [1] "sans"
INFO [2025-08-27 16:09:34] 
INFO [2025-08-27 16:09:34] $alpha
INFO [2025-08-27 16:09:34] [1] 0.5
INFO [2025-08-27 16:09:34] 
INFO [2025-08-27 16:09:34] $col
INFO [2025-08-27 16:09:34] [1] "white"
INFO [2025-08-27 16:09:34] 
