INFO [2025-08-27 16:34:55] $x
INFO [2025-08-27 16:34:55] feature_lists
INFO [2025-08-27 16:34:55] 
INFO [2025-08-27 16:34:55] $category.names
INFO [2025-08-27 16:34:55] names(feature_lists)
INFO [2025-08-27 16:34:55] 
INFO [2025-08-27 16:34:55] $filename
INFO [2025-08-27 16:34:55] NULL
INFO [2025-08-27 16:34:55] 
INFO [2025-08-27 16:34:55] $lwd
INFO [2025-08-27 16:34:55] [1] 2
INFO [2025-08-27 16:34:55] 
INFO [2025-08-27 16:34:55] $lty
INFO [2025-08-27 16:34:55] [1] "blank"
INFO [2025-08-27 16:34:55] 
INFO [2025-08-27 16:34:55] $fill
INFO [2025-08-27 16:34:55] selected_colors[1:3]
INFO [2025-08-27 16:34:55] 
INFO [2025-08-27 16:34:55] $cex
INFO [2025-08-27 16:34:55] [1] 1.5
INFO [2025-08-27 16:34:55] 
INFO [2025-08-27 16:34:55] $fontface
INFO [2025-08-27 16:34:55] [1] "bold"
INFO [2025-08-27 16:34:55] 
INFO [2025-08-27 16:34:55] $fontfamily
INFO [2025-08-27 16:34:55] [1] "sans"
INFO [2025-08-27 16:34:55] 
INFO [2025-08-27 16:34:55] $cat.cex
INFO [2025-08-27 16:34:55] [1] 1.2
INFO [2025-08-27 16:34:55] 
INFO [2025-08-27 16:34:55] $cat.fontface
INFO [2025-08-27 16:34:55] [1] "bold"
INFO [2025-08-27 16:34:55] 
INFO [2025-08-27 16:34:55] $cat.default.pos
INFO [2025-08-27 16:34:55] [1] "outer"
INFO [2025-08-27 16:34:55] 
INFO [2025-08-27 16:34:55] $cat.pos
INFO [2025-08-27 16:34:55] c(-40, 40, 180)
INFO [2025-08-27 16:34:55] 
INFO [2025-08-27 16:34:55] $cat.dist
INFO [2025-08-27 16:34:55] c(0.055, 0.055, 0.055)
INFO [2025-08-27 16:34:55] 
INFO [2025-08-27 16:34:55] $cat.fontfamily
INFO [2025-08-27 16:34:55] [1] "sans"
INFO [2025-08-27 16:34:55] 
INFO [2025-08-27 16:34:55] $alpha
INFO [2025-08-27 16:34:55] [1] 0.5
INFO [2025-08-27 16:34:55] 
INFO [2025-08-27 16:34:55] $col
INFO [2025-08-27 16:34:55] [1] "white"
INFO [2025-08-27 16:34:55] 
